2022-01-13 19:54:22,629:INFO:started sample_db
2022-01-13 19:54:22,630:INFO:========================================================================
2022-01-13 19:54:22,630:INFO:GETTING CONFIGURATION FILE FOR DATABASE sample_db
2022-01-13 19:54:22,630:INFO:SUCCESSFULLY LOADED CONFIGURATION FILE FOR DATABASE sample_db
2022-01-13 19:54:22,632:INFO:SUCCESSFULLY LOADED CONFIGURATION FILE FOR DATABASE sample_db
2022-01-13 19:54:22,632:INFO:GETTING SCHEMA FILE FOR DATABASE sample_db
2022-01-13 19:54:22,640:INFO:SUCCESSFULLY LOADED SCHEMA FILE FOR DATABASE sample_db
2022-01-13 19:54:23,692:INFO:SUCCESSFULLY GOT TABLE  DATA FROM DATABASE  sample_db  AND TABLE Test
2022-01-13 19:54:35,285:INFO:SUCCESSFULLY LOADED TABLE DATA TO BIGQUERY TABLE_ID sample_db.Test
2022-01-13 19:54:37,390:INFO:SUCCESSFULLY GOT TABLE  DATA FROM DATABASE  sample_db  AND TABLE Train
2022-01-13 19:54:56,417:INFO:SUCCESSFULLY LOADED TABLE DATA TO BIGQUERY TABLE_ID sample_db.Train
2022-01-13 19:54:56,418:INFO:========================================================================
2022-01-13 19:54:56,418:INFO:started original_db
2022-01-13 19:54:56,418:INFO:========================================================================
2022-01-13 19:54:56,418:INFO:GETTING CONFIGURATION FILE FOR DATABASE original_db
2022-01-13 19:54:56,419:INFO:SUCCESSFULLY LOADED CONFIGURATION FILE FOR DATABASE original_db
2022-01-13 19:54:56,430:INFO:SUCCESSFULLY LOADED CONFIGURATION FILE FOR DATABASE original_db
2022-01-13 19:54:56,430:INFO:GETTING SCHEMA FILE FOR DATABASE original_db
2022-01-13 19:54:56,449:INFO:SUCCESSFULLY LOADED SCHEMA FILE FOR DATABASE original_db
2022-01-13 19:54:58,396:INFO:SUCCESSFULLY GOT TABLE  DATA FROM DATABASE  original_db  AND TABLE commentInteractions
2022-01-13 19:55:09,824:INFO:SUCCESSFULLY LOADED TABLE DATA TO BIGQUERY TABLE_ID dboriginal_db2.commentInteractions
2022-01-13 19:55:09,824:INFO:========================================================================
