2022-01-13 17:00:05,999:INFO:started db1
2022-01-13 17:00:05,999:INFO:========================================================================
2022-01-13 17:00:05,999:INFO:GETTING CONFIGURATION FILE FOR DATABASE db1
2022-01-13 17:00:05,999:INFO:SUCCESSFULLY LOADED CONFIGURATION FILE FOR DATABASE db1
2022-01-13 17:00:06,001:INFO:SUCCESSFULLY LOADED CONFIGURATION FILE FOR DATABASE db1
2022-01-13 17:00:06,001:INFO:GETTING SCHEMA FILE FOR DATABASE db1
2022-01-13 17:00:06,005:INFO:SUCCESSFULLY LOADED SCHEMA FILE FOR DATABASE db1
2022-01-13 17:00:06,465:INFO:SUCCESSFULLY GOT TABLE  DATA FROM DATABASE  db1  AND TABLE comments_clean_anonimized
2022-01-13 17:00:14,663:INFO:SUCCESSFULLY LOADED TABLE DATA TO BIGQUERY TABLE_ID db1.comments_clean_anonimized
2022-01-13 17:00:14,663:INFO:========================================================================
2022-01-13 17:00:55,028:INFO:SUCCESSFULLY GOT TABLE  DATA FROM DATABASE  db1  AND TABLE votes
2022-01-13 17:01:07,063:INFO:SUCCESSFULLY LOADED TABLE DATA TO BIGQUERY TABLE_ID db1.votes
2022-01-13 17:01:07,063:INFO:========================================================================
2022-01-13 17:01:07,063:INFO:started db2
2022-01-13 17:01:07,063:INFO:========================================================================
2022-01-13 17:01:07,063:INFO:GETTING CONFIGURATION FILE FOR DATABASE db2
2022-01-13 17:01:07,064:INFO:SUCCESSFULLY LOADED CONFIGURATION FILE FOR DATABASE db2
2022-01-13 17:01:07,066:INFO:SUCCESSFULLY LOADED CONFIGURATION FILE FOR DATABASE db2
2022-01-13 17:01:07,067:INFO:GETTING SCHEMA FILE FOR DATABASE db2
2022-01-13 17:01:07,072:INFO:SUCCESSFULLY LOADED SCHEMA FILE FOR DATABASE db2
2022-01-13 17:01:09,268:INFO:SUCCESSFULLY GOT TABLE  DATA FROM DATABASE  db2  AND TABLE deliveries
2022-01-13 17:01:17,882:INFO:SUCCESSFULLY LOADED TABLE DATA TO BIGQUERY TABLE_ID db2.deliveries
2022-01-13 17:01:17,882:INFO:========================================================================
2022-01-13 17:01:18,084:INFO:SUCCESSFULLY GOT TABLE  DATA FROM DATABASE  db2  AND TABLE matches
2022-01-13 17:01:26,266:INFO:SUCCESSFULLY LOADED TABLE DATA TO BIGQUERY TABLE_ID db2.matches
2022-01-13 17:01:26,267:INFO:========================================================================
