2022-01-13 19:58:22,123:INFO:started sample_db
2022-01-13 19:58:22,123:INFO:========================================================================
2022-01-13 19:58:22,123:INFO:GETTING CONFIGURATION FILE FOR DATABASE sample_db
2022-01-13 19:58:22,123:INFO:SUCCESSFULLY LOADED CONFIGURATION FILE FOR DATABASE sample_db
2022-01-13 19:58:22,124:INFO:SUCCESSFULLY LOADED CONFIGURATION FILE FOR DATABASE sample_db
2022-01-13 19:58:22,125:INFO:GETTING SCHEMA FILE FOR DATABASE sample_db
2022-01-13 19:58:22,128:INFO:SUCCESSFULLY LOADED SCHEMA FILE FOR DATABASE sample_db
2022-01-13 19:58:22,983:INFO:SUCCESSFULLY GOT TABLE  DATA FROM DATABASE  sample_db  AND TABLE Test
2022-01-13 19:58:34,196:INFO:SUCCESSFULLY LOADED TABLE DATA TO BIGQUERY TABLE_ID sample_db.Test
2022-01-13 19:58:36,372:INFO:SUCCESSFULLY GOT TABLE  DATA FROM DATABASE  sample_db  AND TABLE Train
2022-01-13 19:58:55,088:INFO:SUCCESSFULLY LOADED TABLE DATA TO BIGQUERY TABLE_ID sample_db.Train
2022-01-13 19:58:55,088:INFO:========================================================================
2022-01-13 19:58:55,089:INFO:started original_db
2022-01-13 19:58:55,089:INFO:========================================================================
2022-01-13 19:58:55,089:INFO:GETTING CONFIGURATION FILE FOR DATABASE original_db
2022-01-13 19:58:55,090:INFO:SUCCESSFULLY LOADED CONFIGURATION FILE FOR DATABASE original_db
2022-01-13 19:58:55,094:INFO:SUCCESSFULLY LOADED CONFIGURATION FILE FOR DATABASE original_db
2022-01-13 19:58:55,095:INFO:GETTING SCHEMA FILE FOR DATABASE original_db
2022-01-13 19:58:55,105:INFO:SUCCESSFULLY LOADED SCHEMA FILE FOR DATABASE original_db
2022-01-13 19:58:57,087:INFO:SUCCESSFULLY GOT TABLE  DATA FROM DATABASE  original_db  AND TABLE commentInteractions
2022-01-13 19:59:10,513:INFO:SUCCESSFULLY LOADED TABLE DATA TO BIGQUERY TABLE_ID dboriginal_db2.commentInteractions
2022-01-13 19:59:10,513:INFO:========================================================================
