2022-01-13 16:46:14,334:INFO:started db1
2022-01-13 16:46:14,334:INFO:========================================================================
2022-01-13 16:46:14,334:INFO:GETTING CONFIGURATION FILE FOR DATABASE db1
2022-01-13 16:46:14,334:INFO:SUCCESSFULLY LOADED CONFIGURATION FILE FOR DATABASE db1
2022-01-13 16:46:14,336:INFO:SUCCESSFULLY LOADED CONFIGURATION FILE FOR DATABASE db1
2022-01-13 16:46:14,336:INFO:GETTING SCHEMA FILE FOR DATABASE db1
2022-01-13 16:46:14,339:INFO:SUCCESSFULLY LOADED SCHEMA FILE FOR DATABASE db1
2022-01-13 16:46:14,769:INFO:SUCCESSFULLY GOT TABLE  DATA FROM DATABASE  db1  AND TABLE comments_clean_anonimized
2022-01-13 16:46:29,152:INFO:SUCCESSFULLY LOADED TABLE DATA TO BIGQUERY TABLE_ID db1.comments_clean_anonimized
2022-01-13 16:46:29,153:INFO:========================================================================
2022-01-13 16:47:11,219:INFO:SUCCESSFULLY GOT TABLE  DATA FROM DATABASE  db1  AND TABLE votes
2022-01-13 16:47:23,408:INFO:SUCCESSFULLY LOADED TABLE DATA TO BIGQUERY TABLE_ID db1.votes
2022-01-13 16:47:23,409:INFO:========================================================================
2022-01-13 16:47:23,409:INFO:started db2
2022-01-13 16:47:23,409:INFO:========================================================================
2022-01-13 16:47:23,409:INFO:GETTING CONFIGURATION FILE FOR DATABASE db2
2022-01-13 16:47:23,409:INFO:SUCCESSFULLY LOADED CONFIGURATION FILE FOR DATABASE db2
2022-01-13 16:47:23,412:INFO:SUCCESSFULLY LOADED CONFIGURATION FILE FOR DATABASE db2
2022-01-13 16:47:23,412:INFO:GETTING SCHEMA FILE FOR DATABASE db2
2022-01-13 16:47:23,419:INFO:SUCCESSFULLY LOADED SCHEMA FILE FOR DATABASE db2
2022-01-13 16:47:25,813:INFO:SUCCESSFULLY GOT TABLE  DATA FROM DATABASE  db2  AND TABLE deliveries
2022-01-13 16:47:36,848:INFO:SUCCESSFULLY LOADED TABLE DATA TO BIGQUERY TABLE_ID db2.deliveries
2022-01-13 16:47:36,848:INFO:========================================================================
2022-01-13 16:47:37,030:INFO:SUCCESSFULLY GOT TABLE  DATA FROM DATABASE  db2  AND TABLE matches
2022-01-13 16:47:46,351:INFO:SUCCESSFULLY LOADED TABLE DATA TO BIGQUERY TABLE_ID db2.matches
2022-01-13 16:47:46,351:INFO:========================================================================
