2022-01-13 20:00:44,181:INFO:started db1
2022-01-13 20:00:44,182:INFO:========================================================================
2022-01-13 20:00:44,182:INFO:GETTING CONFIGURATION FILE FOR DATABASE db1
2022-01-13 20:00:44,182:INFO:SUCCESSFULLY LOADED CONFIGURATION FILE FOR DATABASE db1
2022-01-13 20:00:44,183:INFO:SUCCESSFULLY LOADED CONFIGURATION FILE FOR DATABASE db1
2022-01-13 20:00:44,184:INFO:GETTING SCHEMA FILE FOR DATABASE db1
2022-01-13 20:00:44,187:INFO:SUCCESSFULLY LOADED SCHEMA FILE FOR DATABASE db1
2022-01-13 20:00:44,728:INFO:SUCCESSFULLY GOT TABLE  DATA FROM DATABASE  db1  AND TABLE comments_clean_anonimized
2022-01-13 20:00:53,672:INFO:SUCCESSFULLY LOADED TABLE DATA TO BIGQUERY TABLE_ID db1.comments_clean_anonimized
2022-01-13 20:00:53,672:INFO:========================================================================
2022-01-13 20:01:41,373:INFO:SUCCESSFULLY GOT TABLE  DATA FROM DATABASE  db1  AND TABLE votes
2022-01-13 20:01:51,404:INFO:SUCCESSFULLY LOADED TABLE DATA TO BIGQUERY TABLE_ID db1.votes
2022-01-13 20:01:51,404:INFO:========================================================================
2022-01-13 20:01:51,404:INFO:started db2
2022-01-13 20:01:51,404:INFO:========================================================================
2022-01-13 20:01:51,405:INFO:GETTING CONFIGURATION FILE FOR DATABASE db2
2022-01-13 20:01:51,405:INFO:SUCCESSFULLY LOADED CONFIGURATION FILE FOR DATABASE db2
2022-01-13 20:01:51,408:INFO:SUCCESSFULLY LOADED CONFIGURATION FILE FOR DATABASE db2
2022-01-13 20:01:51,408:INFO:GETTING SCHEMA FILE FOR DATABASE db2
2022-01-13 20:01:51,415:INFO:SUCCESSFULLY LOADED SCHEMA FILE FOR DATABASE db2
2022-01-13 20:01:55,049:INFO:SUCCESSFULLY GOT TABLE  DATA FROM DATABASE  db2  AND TABLE deliveries
2022-01-13 20:02:03,420:INFO:SUCCESSFULLY LOADED TABLE DATA TO BIGQUERY TABLE_ID db2.deliveries
2022-01-13 20:02:03,421:INFO:========================================================================
2022-01-13 20:02:03,823:INFO:SUCCESSFULLY GOT TABLE  DATA FROM DATABASE  db2  AND TABLE matches
2022-01-13 20:02:13,535:INFO:SUCCESSFULLY LOADED TABLE DATA TO BIGQUERY TABLE_ID db2.matches
2022-01-13 20:02:13,536:INFO:========================================================================
