2022-01-12 14:09:17,085:INFO:started sample_db
2022-01-12 14:09:17,085:INFO:========================================================================
2022-01-12 14:09:17,085:INFO:GETTING CONFIGURATION FILE FOR DATABASE sample_db
2022-01-12 14:09:17,085:INFO:SUCCESSFULLY LOADED CONFIGURATION FILE FOR DATABASE sample_db
2022-01-12 14:09:17,088:INFO:SUCCESSFULLY LOADED CONFIGURATION FILE FOR DATABASE sample_db
2022-01-12 14:09:17,089:INFO:GETTING SCHEMA FILE FOR DATABASE sample_db
2022-01-12 14:09:17,095:INFO:SUCCESSFULLY LOADED SCHEMA FILE FOR DATABASE sample_db
2022-01-12 14:09:18,137:INFO:SUCCESSFULLY GOT TABLE  DATA FROM DATABASE  sample_db  AND TABLE Test
2022-01-12 14:09:30,374:INFO:SUCCESSFULLY LOADED TABLE DATA TO BIGQUERY TABLE_ID sample_db.Test
2022-01-12 14:09:32,562:INFO:SUCCESSFULLY GOT TABLE  DATA FROM DATABASE  sample_db  AND TABLE Train
2022-01-12 14:09:51,779:INFO:SUCCESSFULLY LOADED TABLE DATA TO BIGQUERY TABLE_ID sample_db.Train
2022-01-12 14:09:51,779:INFO:========================================================================
2022-01-12 14:09:51,779:INFO:started original_db
2022-01-12 14:09:51,780:INFO:========================================================================
2022-01-12 14:09:51,780:INFO:GETTING CONFIGURATION FILE FOR DATABASE original_db
2022-01-12 14:09:51,781:INFO:SUCCESSFULLY LOADED CONFIGURATION FILE FOR DATABASE original_db
2022-01-12 14:09:51,790:INFO:SUCCESSFULLY LOADED CONFIGURATION FILE FOR DATABASE original_db
2022-01-12 14:09:51,790:INFO:GETTING SCHEMA FILE FOR DATABASE original_db
2022-01-12 14:09:51,809:INFO:SUCCESSFULLY LOADED SCHEMA FILE FOR DATABASE original_db
2022-01-12 14:09:53,802:INFO:SUCCESSFULLY GOT TABLE  DATA FROM DATABASE  original_db  AND TABLE commentInteractions
2022-01-12 14:10:05,802:INFO:SUCCESSFULLY LOADED TABLE DATA TO BIGQUERY TABLE_ID dboriginal_db2.commentInteractions
2022-01-12 14:10:05,802:INFO:========================================================================
