2022-01-13 17:01:26,297:INFO:started northwind2
2022-01-13 17:01:26,298:INFO:========================================================================
2022-01-13 17:01:26,298:INFO:GETTING CONFIGURATION FILE FOR DATABASE northwind2
2022-01-13 17:01:26,298:INFO:SUCCESSFULLY LOADED CONFIGURATION FILE FOR DATABASE northwind2
2022-01-13 17:01:26,299:INFO:SUCCESSFULLY LOADED CONFIGURATION FILE FOR DATABASE northwind2
2022-01-13 17:01:26,299:INFO:GETTING SCHEMA FILE FOR DATABASE northwind2
2022-01-13 17:01:26,302:INFO:SUCCESSFULLY LOADED SCHEMA FILE FOR DATABASE northwind2
2022-01-13 17:01:26,465:INFO:SUCCESSFULLY GOT TABLE  DATA FROM DATABASE  northwind2  AND TABLE categories
2022-01-13 17:01:34,525:INFO:SUCCESSFULLY LOADED TABLE DATA TO BIGQUERY TABLE_ID northwind2.categories
2022-01-13 17:01:34,526:INFO:========================================================================
2022-01-13 17:01:34,546:INFO:SUCCESSFULLY GOT TABLE  DATA FROM DATABASE  northwind2  AND TABLE customers
2022-01-13 17:01:45,971:INFO:SUCCESSFULLY LOADED TABLE DATA TO BIGQUERY TABLE_ID northwind2.customers
2022-01-13 17:01:45,971:INFO:========================================================================
2022-01-13 17:01:45,975:INFO:SUCCESSFULLY GOT TABLE  DATA FROM DATABASE  northwind2  AND TABLE employeeterritories
2022-01-13 17:01:55,678:INFO:SUCCESSFULLY LOADED TABLE DATA TO BIGQUERY TABLE_ID northwind2.employeeterritories
2022-01-13 17:01:55,679:INFO:========================================================================
2022-01-13 17:01:55,679:INFO:started pagila
2022-01-13 17:01:55,679:INFO:========================================================================
2022-01-13 17:01:55,679:INFO:GETTING CONFIGURATION FILE FOR DATABASE pagila
2022-01-13 17:01:55,679:INFO:SUCCESSFULLY LOADED CONFIGURATION FILE FOR DATABASE pagila
2022-01-13 17:01:55,680:INFO:SUCCESSFULLY LOADED CONFIGURATION FILE FOR DATABASE pagila
2022-01-13 17:01:55,681:INFO:GETTING SCHEMA FILE FOR DATABASE pagila
2022-01-13 17:01:55,684:INFO:SUCCESSFULLY LOADED SCHEMA FILE FOR DATABASE pagila
2022-01-13 17:01:55,843:INFO:SUCCESSFULLY GOT TABLE  DATA FROM DATABASE  pagila  AND TABLE actor
2022-01-13 17:02:04,730:INFO:SUCCESSFULLY LOADED TABLE DATA TO BIGQUERY TABLE_ID pagila.actor
2022-01-13 17:02:04,730:INFO:========================================================================
2022-01-13 17:02:04,736:INFO:SUCCESSFULLY GOT TABLE  DATA FROM DATABASE  pagila  AND TABLE category
2022-01-13 17:02:13,902:INFO:SUCCESSFULLY LOADED TABLE DATA TO BIGQUERY TABLE_ID pagila.category
2022-01-13 17:02:13,903:INFO:========================================================================
2022-01-13 17:02:13,933:INFO:SUCCESSFULLY GOT TABLE  DATA FROM DATABASE  pagila  AND TABLE city
2022-01-13 17:02:23,839:INFO:SUCCESSFULLY LOADED TABLE DATA TO BIGQUERY TABLE_ID pagila.city
2022-01-13 17:02:23,839:INFO:========================================================================
2022-01-13 17:02:23,850:INFO:SUCCESSFULLY GOT TABLE  DATA FROM DATABASE  pagila  AND TABLE country
2022-01-13 17:02:32,126:INFO:SUCCESSFULLY LOADED TABLE DATA TO BIGQUERY TABLE_ID pagila.country
2022-01-13 17:02:32,126:INFO:========================================================================
2022-01-13 17:02:32,169:INFO:SUCCESSFULLY GOT TABLE  DATA FROM DATABASE  pagila  AND TABLE film_actor
2022-01-13 17:02:40,267:INFO:SUCCESSFULLY LOADED TABLE DATA TO BIGQUERY TABLE_ID pagila.film_actor
2022-01-13 17:02:40,267:INFO:========================================================================
2022-01-13 17:02:40,279:INFO:SUCCESSFULLY GOT TABLE  DATA FROM DATABASE  pagila  AND TABLE film_category
2022-01-13 17:02:49,735:INFO:SUCCESSFULLY LOADED TABLE DATA TO BIGQUERY TABLE_ID pagila.film_category
2022-01-13 17:02:49,736:INFO:========================================================================
2022-01-13 17:02:49,778:INFO:SUCCESSFULLY GOT TABLE  DATA FROM DATABASE  pagila  AND TABLE inventory
2022-01-13 17:02:58,068:INFO:SUCCESSFULLY LOADED TABLE DATA TO BIGQUERY TABLE_ID pagila.inventory
2022-01-13 17:02:58,068:INFO:========================================================================
