2022-01-12 14:03:14,949:INFO:started northwind2
2022-01-12 14:03:14,949:INFO:========================================================================
2022-01-12 14:03:14,949:INFO:GETTING CONFIGURATION FILE FOR DATABASE northwind2
2022-01-12 14:03:14,949:INFO:SUCCESSFULLY LOADED CONFIGURATION FILE FOR DATABASE northwind2
2022-01-12 14:03:14,953:INFO:SUCCESSFULLY LOADED CONFIGURATION FILE FOR DATABASE northwind2
2022-01-12 14:03:14,953:INFO:GETTING SCHEMA FILE FOR DATABASE northwind2
2022-01-12 14:03:14,962:INFO:SUCCESSFULLY LOADED SCHEMA FILE FOR DATABASE northwind2
2022-01-12 14:03:15,124:INFO:SUCCESSFULLY GOT TABLE  DATA FROM DATABASE  northwind2  AND TABLE categories
2022-01-12 14:03:25,628:INFO:SUCCESSFULLY LOADED TABLE DATA TO BIGQUERY TABLE_ID northwind2.categories
2022-01-12 14:03:25,629:INFO:========================================================================
2022-01-12 14:03:25,659:INFO:SUCCESSFULLY GOT TABLE  DATA FROM DATABASE  northwind2  AND TABLE customers
2022-01-12 14:03:34,024:INFO:SUCCESSFULLY LOADED TABLE DATA TO BIGQUERY TABLE_ID northwind2.customers
2022-01-12 14:03:34,025:INFO:========================================================================
2022-01-12 14:03:34,045:INFO:SUCCESSFULLY GOT TABLE  DATA FROM DATABASE  northwind2  AND TABLE employeeterritories
2022-01-12 14:03:45,344:INFO:SUCCESSFULLY LOADED TABLE DATA TO BIGQUERY TABLE_ID northwind2.employeeterritories
2022-01-12 14:03:45,345:INFO:========================================================================
2022-01-12 14:03:45,345:INFO:started pagila
2022-01-12 14:03:45,345:INFO:========================================================================
2022-01-12 14:03:45,346:INFO:GETTING CONFIGURATION FILE FOR DATABASE pagila
2022-01-12 14:03:45,346:INFO:SUCCESSFULLY LOADED CONFIGURATION FILE FOR DATABASE pagila
2022-01-12 14:03:45,351:INFO:SUCCESSFULLY LOADED CONFIGURATION FILE FOR DATABASE pagila
2022-01-12 14:03:45,352:INFO:GETTING SCHEMA FILE FOR DATABASE pagila
2022-01-12 14:03:45,368:INFO:SUCCESSFULLY LOADED SCHEMA FILE FOR DATABASE pagila
2022-01-12 14:03:45,652:INFO:SUCCESSFULLY GOT TABLE  DATA FROM DATABASE  pagila  AND TABLE actor
2022-01-12 14:03:56,560:INFO:SUCCESSFULLY LOADED TABLE DATA TO BIGQUERY TABLE_ID pagila.actor
2022-01-12 14:03:56,560:INFO:========================================================================
2022-01-12 14:03:56,572:INFO:SUCCESSFULLY GOT TABLE  DATA FROM DATABASE  pagila  AND TABLE category
2022-01-12 14:04:06,777:INFO:SUCCESSFULLY LOADED TABLE DATA TO BIGQUERY TABLE_ID pagila.category
2022-01-12 14:04:06,777:INFO:========================================================================
2022-01-12 14:04:06,789:INFO:SUCCESSFULLY GOT TABLE  DATA FROM DATABASE  pagila  AND TABLE city
2022-01-12 14:04:18,465:INFO:SUCCESSFULLY LOADED TABLE DATA TO BIGQUERY TABLE_ID pagila.city
2022-01-12 14:04:18,465:INFO:========================================================================
2022-01-12 14:04:18,479:INFO:SUCCESSFULLY GOT TABLE  DATA FROM DATABASE  pagila  AND TABLE country
2022-01-12 14:04:27,211:INFO:SUCCESSFULLY LOADED TABLE DATA TO BIGQUERY TABLE_ID pagila.country
2022-01-12 14:04:27,211:INFO:========================================================================
2022-01-12 14:04:27,322:INFO:SUCCESSFULLY GOT TABLE  DATA FROM DATABASE  pagila  AND TABLE film_actor
2022-01-12 14:04:36,077:INFO:SUCCESSFULLY LOADED TABLE DATA TO BIGQUERY TABLE_ID pagila.film_actor
2022-01-12 14:04:36,077:INFO:========================================================================
2022-01-12 14:04:36,110:INFO:SUCCESSFULLY GOT TABLE  DATA FROM DATABASE  pagila  AND TABLE film_category
2022-01-12 14:04:45,495:INFO:SUCCESSFULLY LOADED TABLE DATA TO BIGQUERY TABLE_ID pagila.film_category
2022-01-12 14:04:45,496:INFO:========================================================================
2022-01-12 14:04:45,528:INFO:SUCCESSFULLY GOT TABLE  DATA FROM DATABASE  pagila  AND TABLE inventory
2022-01-12 14:05:01,519:INFO:SUCCESSFULLY LOADED TABLE DATA TO BIGQUERY TABLE_ID pagila.inventory
2022-01-12 14:05:01,519:INFO:========================================================================
