2022-01-13 16:45:25,905:INFO:started sample_db
2022-01-13 16:45:25,905:INFO:========================================================================
2022-01-13 16:45:25,905:INFO:GETTING CONFIGURATION FILE FOR DATABASE sample_db
2022-01-13 16:45:25,905:INFO:SUCCESSFULLY LOADED CONFIGURATION FILE FOR DATABASE sample_db
2022-01-13 16:45:25,906:INFO:SUCCESSFULLY LOADED CONFIGURATION FILE FOR DATABASE sample_db
2022-01-13 16:45:25,907:INFO:GETTING SCHEMA FILE FOR DATABASE sample_db
2022-01-13 16:45:25,910:INFO:SUCCESSFULLY LOADED SCHEMA FILE FOR DATABASE sample_db
2022-01-13 16:45:26,850:INFO:SUCCESSFULLY GOT TABLE  DATA FROM DATABASE  sample_db  AND TABLE Test
2022-01-13 16:45:37,103:INFO:SUCCESSFULLY LOADED TABLE DATA TO BIGQUERY TABLE_ID sample_db.Test
2022-01-13 16:45:39,114:INFO:SUCCESSFULLY GOT TABLE  DATA FROM DATABASE  sample_db  AND TABLE Train
2022-01-13 16:45:56,487:INFO:SUCCESSFULLY LOADED TABLE DATA TO BIGQUERY TABLE_ID sample_db.Train
2022-01-13 16:45:56,487:INFO:========================================================================
2022-01-13 16:45:56,487:INFO:started original_db
2022-01-13 16:45:56,487:INFO:========================================================================
2022-01-13 16:45:56,487:INFO:GETTING CONFIGURATION FILE FOR DATABASE original_db
2022-01-13 16:45:56,487:INFO:SUCCESSFULLY LOADED CONFIGURATION FILE FOR DATABASE original_db
2022-01-13 16:45:56,489:INFO:SUCCESSFULLY LOADED CONFIGURATION FILE FOR DATABASE original_db
2022-01-13 16:45:56,490:INFO:GETTING SCHEMA FILE FOR DATABASE original_db
2022-01-13 16:45:56,494:INFO:SUCCESSFULLY LOADED SCHEMA FILE FOR DATABASE original_db
2022-01-13 16:45:58,398:INFO:SUCCESSFULLY GOT TABLE  DATA FROM DATABASE  original_db  AND TABLE commentInteractions
2022-01-13 16:46:14,270:INFO:SUCCESSFULLY LOADED TABLE DATA TO BIGQUERY TABLE_ID dboriginal_db2.commentInteractions
2022-01-13 16:46:14,270:INFO:========================================================================
