2022-01-13 16:47:46,399:INFO:started northwind2
2022-01-13 16:47:46,399:INFO:========================================================================
2022-01-13 16:47:46,399:INFO:GETTING CONFIGURATION FILE FOR DATABASE northwind2
2022-01-13 16:47:46,400:INFO:SUCCESSFULLY LOADED CONFIGURATION FILE FOR DATABASE northwind2
2022-01-13 16:47:46,401:INFO:SUCCESSFULLY LOADED CONFIGURATION FILE FOR DATABASE northwind2
2022-01-13 16:47:46,401:INFO:GETTING SCHEMA FILE FOR DATABASE northwind2
2022-01-13 16:47:46,404:INFO:SUCCESSFULLY LOADED SCHEMA FILE FOR DATABASE northwind2
2022-01-13 16:47:46,553:INFO:SUCCESSFULLY GOT TABLE  DATA FROM DATABASE  northwind2  AND TABLE categories
2022-01-13 16:47:55,969:INFO:SUCCESSFULLY LOADED TABLE DATA TO BIGQUERY TABLE_ID northwind2.categories
2022-01-13 16:47:55,969:INFO:========================================================================
2022-01-13 16:47:55,984:INFO:SUCCESSFULLY GOT TABLE  DATA FROM DATABASE  northwind2  AND TABLE customers
2022-01-13 16:48:04,326:INFO:SUCCESSFULLY LOADED TABLE DATA TO BIGQUERY TABLE_ID northwind2.customers
2022-01-13 16:48:04,326:INFO:========================================================================
2022-01-13 16:48:04,331:INFO:SUCCESSFULLY GOT TABLE  DATA FROM DATABASE  northwind2  AND TABLE employeeterritories
2022-01-13 16:48:12,329:INFO:SUCCESSFULLY LOADED TABLE DATA TO BIGQUERY TABLE_ID northwind2.employeeterritories
2022-01-13 16:48:12,330:INFO:========================================================================
2022-01-13 16:48:12,331:INFO:started pagila
2022-01-13 16:48:12,331:INFO:========================================================================
2022-01-13 16:48:12,331:INFO:GETTING CONFIGURATION FILE FOR DATABASE pagila
2022-01-13 16:48:12,332:INFO:SUCCESSFULLY LOADED CONFIGURATION FILE FOR DATABASE pagila
2022-01-13 16:48:12,335:INFO:SUCCESSFULLY LOADED CONFIGURATION FILE FOR DATABASE pagila
2022-01-13 16:48:12,336:INFO:GETTING SCHEMA FILE FOR DATABASE pagila
2022-01-13 16:48:12,347:INFO:SUCCESSFULLY LOADED SCHEMA FILE FOR DATABASE pagila
2022-01-13 16:48:12,518:INFO:SUCCESSFULLY GOT TABLE  DATA FROM DATABASE  pagila  AND TABLE actor
2022-01-13 16:48:21,202:INFO:SUCCESSFULLY LOADED TABLE DATA TO BIGQUERY TABLE_ID pagila.actor
2022-01-13 16:48:21,202:INFO:========================================================================
2022-01-13 16:48:21,210:INFO:SUCCESSFULLY GOT TABLE  DATA FROM DATABASE  pagila  AND TABLE category
2022-01-13 16:48:32,508:INFO:SUCCESSFULLY LOADED TABLE DATA TO BIGQUERY TABLE_ID pagila.category
2022-01-13 16:48:32,508:INFO:========================================================================
2022-01-13 16:48:32,520:INFO:SUCCESSFULLY GOT TABLE  DATA FROM DATABASE  pagila  AND TABLE city
2022-01-13 16:48:40,351:INFO:SUCCESSFULLY LOADED TABLE DATA TO BIGQUERY TABLE_ID pagila.city
2022-01-13 16:48:40,351:INFO:========================================================================
2022-01-13 16:48:40,355:INFO:SUCCESSFULLY GOT TABLE  DATA FROM DATABASE  pagila  AND TABLE country
2022-01-13 16:48:49,213:INFO:SUCCESSFULLY LOADED TABLE DATA TO BIGQUERY TABLE_ID pagila.country
2022-01-13 16:48:49,213:INFO:========================================================================
2022-01-13 16:48:49,247:INFO:SUCCESSFULLY GOT TABLE  DATA FROM DATABASE  pagila  AND TABLE film_actor
2022-01-13 16:49:00,374:INFO:SUCCESSFULLY LOADED TABLE DATA TO BIGQUERY TABLE_ID pagila.film_actor
2022-01-13 16:49:00,375:INFO:========================================================================
2022-01-13 16:49:00,382:INFO:SUCCESSFULLY GOT TABLE  DATA FROM DATABASE  pagila  AND TABLE film_category
2022-01-13 16:49:08,720:INFO:SUCCESSFULLY LOADED TABLE DATA TO BIGQUERY TABLE_ID pagila.film_category
2022-01-13 16:49:08,720:INFO:========================================================================
2022-01-13 16:49:08,759:INFO:SUCCESSFULLY GOT TABLE  DATA FROM DATABASE  pagila  AND TABLE inventory
2022-01-13 16:49:22,343:INFO:SUCCESSFULLY LOADED TABLE DATA TO BIGQUERY TABLE_ID pagila.inventory
2022-01-13 16:49:22,344:INFO:========================================================================
