2022-01-13 16:50:08,731:INFO:started db1
2022-01-13 16:50:08,732:INFO:========================================================================
2022-01-13 16:50:08,732:INFO:GETTING CONFIGURATION FILE FOR DATABASE db1
2022-01-13 16:50:08,732:INFO:SUCCESSFULLY LOADED CONFIGURATION FILE FOR DATABASE db1
2022-01-13 16:50:08,734:INFO:SUCCESSFULLY LOADED CONFIGURATION FILE FOR DATABASE db1
2022-01-13 16:50:08,734:INFO:GETTING SCHEMA FILE FOR DATABASE db1
2022-01-13 16:50:08,738:INFO:SUCCESSFULLY LOADED SCHEMA FILE FOR DATABASE db1
2022-01-13 16:50:09,238:INFO:SUCCESSFULLY GOT TABLE  DATA FROM DATABASE  db1  AND TABLE comments_clean_anonimized
2022-01-13 16:50:17,677:INFO:SUCCESSFULLY LOADED TABLE DATA TO BIGQUERY TABLE_ID db1.comments_clean_anonimized
2022-01-13 16:50:17,677:INFO:========================================================================
2022-01-13 16:50:58,098:INFO:SUCCESSFULLY GOT TABLE  DATA FROM DATABASE  db1  AND TABLE votes
2022-01-13 16:51:07,543:INFO:SUCCESSFULLY LOADED TABLE DATA TO BIGQUERY TABLE_ID db1.votes
2022-01-13 16:51:07,543:INFO:========================================================================
2022-01-13 16:51:07,543:INFO:started db2
2022-01-13 16:51:07,544:INFO:========================================================================
2022-01-13 16:51:07,544:INFO:GETTING CONFIGURATION FILE FOR DATABASE db2
2022-01-13 16:51:07,544:INFO:SUCCESSFULLY LOADED CONFIGURATION FILE FOR DATABASE db2
2022-01-13 16:51:07,546:INFO:SUCCESSFULLY LOADED CONFIGURATION FILE FOR DATABASE db2
2022-01-13 16:51:07,547:INFO:GETTING SCHEMA FILE FOR DATABASE db2
2022-01-13 16:51:07,551:INFO:SUCCESSFULLY LOADED SCHEMA FILE FOR DATABASE db2
2022-01-13 16:51:09,714:INFO:SUCCESSFULLY GOT TABLE  DATA FROM DATABASE  db2  AND TABLE deliveries
2022-01-13 16:51:17,708:INFO:SUCCESSFULLY LOADED TABLE DATA TO BIGQUERY TABLE_ID db2.deliveries
2022-01-13 16:51:17,708:INFO:========================================================================
2022-01-13 16:51:17,917:INFO:SUCCESSFULLY GOT TABLE  DATA FROM DATABASE  db2  AND TABLE matches
2022-01-13 16:51:25,433:INFO:SUCCESSFULLY LOADED TABLE DATA TO BIGQUERY TABLE_ID db2.matches
2022-01-13 16:51:25,434:INFO:========================================================================
