2022-01-12 14:19:57,429:INFO:started db1
2022-01-12 14:19:57,430:INFO:========================================================================
2022-01-12 14:19:57,430:INFO:GETTING CONFIGURATION FILE FOR DATABASE db1
2022-01-12 14:19:57,430:INFO:SUCCESSFULLY LOADED CONFIGURATION FILE FOR DATABASE db1
2022-01-12 14:19:57,433:INFO:SUCCESSFULLY LOADED CONFIGURATION FILE FOR DATABASE db1
2022-01-12 14:19:57,433:INFO:GETTING SCHEMA FILE FOR DATABASE db1
2022-01-12 14:19:57,441:INFO:SUCCESSFULLY LOADED SCHEMA FILE FOR DATABASE db1
2022-01-12 14:19:59,083:INFO:SUCCESSFULLY GOT TABLE  DATA FROM DATABASE  db1  AND TABLE comments_clean_anonimized
2022-01-12 14:20:10,472:INFO:SUCCESSFULLY LOADED TABLE DATA TO BIGQUERY TABLE_ID db1.comments_clean_anonimized
2022-01-12 14:20:10,473:INFO:========================================================================
2022-01-12 14:20:53,157:INFO:SUCCESSFULLY GOT TABLE  DATA FROM DATABASE  db1  AND TABLE votes
2022-01-12 14:21:04,127:INFO:SUCCESSFULLY LOADED TABLE DATA TO BIGQUERY TABLE_ID db1.votes
2022-01-12 14:21:04,128:INFO:========================================================================
2022-01-12 14:21:04,128:INFO:started db2
2022-01-12 14:21:04,128:INFO:========================================================================
2022-01-12 14:21:04,128:INFO:GETTING CONFIGURATION FILE FOR DATABASE db2
2022-01-12 14:21:04,129:INFO:SUCCESSFULLY LOADED CONFIGURATION FILE FOR DATABASE db2
2022-01-12 14:21:04,139:INFO:SUCCESSFULLY LOADED CONFIGURATION FILE FOR DATABASE db2
2022-01-12 14:21:04,139:INFO:GETTING SCHEMA FILE FOR DATABASE db2
2022-01-12 14:21:04,163:INFO:SUCCESSFULLY LOADED SCHEMA FILE FOR DATABASE db2
2022-01-12 14:21:11,928:INFO:SUCCESSFULLY GOT TABLE  DATA FROM DATABASE  db2  AND TABLE deliveries
2022-01-12 14:21:20,612:INFO:SUCCESSFULLY LOADED TABLE DATA TO BIGQUERY TABLE_ID db2.deliveries
2022-01-12 14:21:20,612:INFO:========================================================================
2022-01-12 14:21:21,119:INFO:SUCCESSFULLY GOT TABLE  DATA FROM DATABASE  db2  AND TABLE matches
2022-01-12 14:21:33,315:INFO:SUCCESSFULLY LOADED TABLE DATA TO BIGQUERY TABLE_ID db2.matches
2022-01-12 14:21:33,316:INFO:========================================================================
