2022-01-13 19:55:10,043:INFO:started northwind2
2022-01-13 19:55:10,043:INFO:========================================================================
2022-01-13 19:55:10,044:INFO:GETTING CONFIGURATION FILE FOR DATABASE northwind2
2022-01-13 19:55:10,044:INFO:SUCCESSFULLY LOADED CONFIGURATION FILE FOR DATABASE northwind2
2022-01-13 19:55:10,046:INFO:SUCCESSFULLY LOADED CONFIGURATION FILE FOR DATABASE northwind2
2022-01-13 19:55:10,047:INFO:GETTING SCHEMA FILE FOR DATABASE northwind2
2022-01-13 19:55:10,055:INFO:SUCCESSFULLY LOADED SCHEMA FILE FOR DATABASE northwind2
2022-01-13 19:55:10,212:INFO:SUCCESSFULLY GOT TABLE  DATA FROM DATABASE  northwind2  AND TABLE categories
2022-01-13 19:55:19,127:INFO:SUCCESSFULLY LOADED TABLE DATA TO BIGQUERY TABLE_ID northwind2.categories
2022-01-13 19:55:19,127:INFO:========================================================================
2022-01-13 19:55:19,138:INFO:SUCCESSFULLY GOT TABLE  DATA FROM DATABASE  northwind2  AND TABLE customers
2022-01-13 19:55:29,368:INFO:SUCCESSFULLY LOADED TABLE DATA TO BIGQUERY TABLE_ID northwind2.customers
2022-01-13 19:55:29,368:INFO:========================================================================
2022-01-13 19:55:29,388:INFO:SUCCESSFULLY GOT TABLE  DATA FROM DATABASE  northwind2  AND TABLE employeeterritories
2022-01-13 19:55:39,299:INFO:SUCCESSFULLY LOADED TABLE DATA TO BIGQUERY TABLE_ID northwind2.employeeterritories
2022-01-13 19:55:39,299:INFO:========================================================================
2022-01-13 19:55:39,299:INFO:started pagila
2022-01-13 19:55:39,300:INFO:========================================================================
2022-01-13 19:55:39,300:INFO:GETTING CONFIGURATION FILE FOR DATABASE pagila
2022-01-13 19:55:39,300:INFO:SUCCESSFULLY LOADED CONFIGURATION FILE FOR DATABASE pagila
2022-01-13 19:55:39,310:INFO:SUCCESSFULLY LOADED CONFIGURATION FILE FOR DATABASE pagila
2022-01-13 19:55:39,311:INFO:GETTING SCHEMA FILE FOR DATABASE pagila
2022-01-13 19:55:39,336:INFO:SUCCESSFULLY LOADED SCHEMA FILE FOR DATABASE pagila
2022-01-13 19:55:39,635:INFO:SUCCESSFULLY GOT TABLE  DATA FROM DATABASE  pagila  AND TABLE actor
2022-01-13 19:55:49,126:INFO:SUCCESSFULLY LOADED TABLE DATA TO BIGQUERY TABLE_ID pagila.actor
2022-01-13 19:55:49,126:INFO:========================================================================
2022-01-13 19:55:49,144:INFO:SUCCESSFULLY GOT TABLE  DATA FROM DATABASE  pagila  AND TABLE category
2022-01-13 19:55:59,367:INFO:SUCCESSFULLY LOADED TABLE DATA TO BIGQUERY TABLE_ID pagila.category
2022-01-13 19:55:59,368:INFO:========================================================================
2022-01-13 19:55:59,410:INFO:SUCCESSFULLY GOT TABLE  DATA FROM DATABASE  pagila  AND TABLE city
2022-01-13 19:56:08,608:INFO:SUCCESSFULLY LOADED TABLE DATA TO BIGQUERY TABLE_ID pagila.city
2022-01-13 19:56:08,609:INFO:========================================================================
2022-01-13 19:56:08,642:INFO:SUCCESSFULLY GOT TABLE  DATA FROM DATABASE  pagila  AND TABLE country
2022-01-13 19:56:17,292:INFO:SUCCESSFULLY LOADED TABLE DATA TO BIGQUERY TABLE_ID pagila.country
2022-01-13 19:56:17,293:INFO:========================================================================
2022-01-13 19:56:17,411:INFO:SUCCESSFULLY GOT TABLE  DATA FROM DATABASE  pagila  AND TABLE film_actor
2022-01-13 19:56:26,917:INFO:SUCCESSFULLY LOADED TABLE DATA TO BIGQUERY TABLE_ID pagila.film_actor
2022-01-13 19:56:26,917:INFO:========================================================================
2022-01-13 19:56:26,953:INFO:SUCCESSFULLY GOT TABLE  DATA FROM DATABASE  pagila  AND TABLE film_category
2022-01-13 19:56:35,517:INFO:SUCCESSFULLY LOADED TABLE DATA TO BIGQUERY TABLE_ID pagila.film_category
2022-01-13 19:56:35,517:INFO:========================================================================
2022-01-13 19:56:35,554:INFO:SUCCESSFULLY GOT TABLE  DATA FROM DATABASE  pagila  AND TABLE inventory
2022-01-13 19:56:44,936:INFO:SUCCESSFULLY LOADED TABLE DATA TO BIGQUERY TABLE_ID pagila.inventory
2022-01-13 19:56:44,937:INFO:========================================================================
