2022-01-13 19:56:45,010:INFO:started db1
2022-01-13 19:56:45,010:INFO:========================================================================
2022-01-13 19:56:45,010:INFO:GETTING CONFIGURATION FILE FOR DATABASE db1
2022-01-13 19:56:45,010:INFO:SUCCESSFULLY LOADED CONFIGURATION FILE FOR DATABASE db1
2022-01-13 19:56:45,014:INFO:SUCCESSFULLY LOADED CONFIGURATION FILE FOR DATABASE db1
2022-01-13 19:56:45,015:INFO:GETTING SCHEMA FILE FOR DATABASE db1
2022-01-13 19:56:45,021:INFO:SUCCESSFULLY LOADED SCHEMA FILE FOR DATABASE db1
2022-01-13 19:56:45,528:INFO:SUCCESSFULLY GOT TABLE  DATA FROM DATABASE  db1  AND TABLE comments_clean_anonimized
2022-01-13 19:56:55,998:INFO:SUCCESSFULLY LOADED TABLE DATA TO BIGQUERY TABLE_ID db1.comments_clean_anonimized
2022-01-13 19:56:55,998:INFO:========================================================================
2022-01-13 19:57:35,414:INFO:SUCCESSFULLY GOT TABLE  DATA FROM DATABASE  db1  AND TABLE votes
2022-01-13 19:57:49,347:INFO:SUCCESSFULLY LOADED TABLE DATA TO BIGQUERY TABLE_ID db1.votes
2022-01-13 19:57:49,347:INFO:========================================================================
2022-01-13 19:57:49,347:INFO:started db2
2022-01-13 19:57:49,348:INFO:========================================================================
2022-01-13 19:57:49,348:INFO:GETTING CONFIGURATION FILE FOR DATABASE db2
2022-01-13 19:57:49,348:INFO:SUCCESSFULLY LOADED CONFIGURATION FILE FOR DATABASE db2
2022-01-13 19:57:49,357:INFO:SUCCESSFULLY LOADED CONFIGURATION FILE FOR DATABASE db2
2022-01-13 19:57:49,358:INFO:GETTING SCHEMA FILE FOR DATABASE db2
2022-01-13 19:57:49,382:INFO:SUCCESSFULLY LOADED SCHEMA FILE FOR DATABASE db2
2022-01-13 19:57:54,090:INFO:SUCCESSFULLY GOT TABLE  DATA FROM DATABASE  db2  AND TABLE deliveries
2022-01-13 19:58:05,116:INFO:SUCCESSFULLY LOADED TABLE DATA TO BIGQUERY TABLE_ID db2.deliveries
2022-01-13 19:58:05,116:INFO:========================================================================
2022-01-13 19:58:05,861:INFO:SUCCESSFULLY GOT TABLE  DATA FROM DATABASE  db2  AND TABLE matches
2022-01-13 19:58:18,428:INFO:SUCCESSFULLY LOADED TABLE DATA TO BIGQUERY TABLE_ID db2.matches
2022-01-13 19:58:18,429:INFO:========================================================================
