2022-01-13 16:51:25,476:INFO:started northwind2
2022-01-13 16:51:25,476:INFO:========================================================================
2022-01-13 16:51:25,476:INFO:GETTING CONFIGURATION FILE FOR DATABASE northwind2
2022-01-13 16:51:25,476:INFO:SUCCESSFULLY LOADED CONFIGURATION FILE FOR DATABASE northwind2
2022-01-13 16:51:25,478:INFO:SUCCESSFULLY LOADED CONFIGURATION FILE FOR DATABASE northwind2
2022-01-13 16:51:25,478:INFO:GETTING SCHEMA FILE FOR DATABASE northwind2
2022-01-13 16:51:25,483:INFO:SUCCESSFULLY LOADED SCHEMA FILE FOR DATABASE northwind2
2022-01-13 16:51:25,680:INFO:SUCCESSFULLY GOT TABLE  DATA FROM DATABASE  northwind2  AND TABLE categories
2022-01-13 16:51:34,294:INFO:SUCCESSFULLY LOADED TABLE DATA TO BIGQUERY TABLE_ID northwind2.categories
2022-01-13 16:51:34,295:INFO:========================================================================
2022-01-13 16:51:34,314:INFO:SUCCESSFULLY GOT TABLE  DATA FROM DATABASE  northwind2  AND TABLE customers
2022-01-13 16:51:42,817:INFO:SUCCESSFULLY LOADED TABLE DATA TO BIGQUERY TABLE_ID northwind2.customers
2022-01-13 16:51:42,817:INFO:========================================================================
2022-01-13 16:51:42,823:INFO:SUCCESSFULLY GOT TABLE  DATA FROM DATABASE  northwind2  AND TABLE employeeterritories
2022-01-13 16:51:51,801:INFO:SUCCESSFULLY LOADED TABLE DATA TO BIGQUERY TABLE_ID northwind2.employeeterritories
2022-01-13 16:51:51,801:INFO:========================================================================
2022-01-13 16:51:51,801:INFO:started pagila
2022-01-13 16:51:51,802:INFO:========================================================================
2022-01-13 16:51:51,802:INFO:GETTING CONFIGURATION FILE FOR DATABASE pagila
2022-01-13 16:51:51,802:INFO:SUCCESSFULLY LOADED CONFIGURATION FILE FOR DATABASE pagila
2022-01-13 16:51:51,804:INFO:SUCCESSFULLY LOADED CONFIGURATION FILE FOR DATABASE pagila
2022-01-13 16:51:51,804:INFO:GETTING SCHEMA FILE FOR DATABASE pagila
2022-01-13 16:51:51,811:INFO:SUCCESSFULLY LOADED SCHEMA FILE FOR DATABASE pagila
2022-01-13 16:51:51,985:INFO:SUCCESSFULLY GOT TABLE  DATA FROM DATABASE  pagila  AND TABLE actor
2022-01-13 16:52:01,668:INFO:SUCCESSFULLY LOADED TABLE DATA TO BIGQUERY TABLE_ID pagila.actor
2022-01-13 16:52:01,668:INFO:========================================================================
2022-01-13 16:52:01,675:INFO:SUCCESSFULLY GOT TABLE  DATA FROM DATABASE  pagila  AND TABLE category
2022-01-13 16:52:19,444:INFO:SUCCESSFULLY LOADED TABLE DATA TO BIGQUERY TABLE_ID pagila.category
2022-01-13 16:52:19,445:INFO:========================================================================
2022-01-13 16:52:19,456:INFO:SUCCESSFULLY GOT TABLE  DATA FROM DATABASE  pagila  AND TABLE city
2022-01-13 16:52:28,541:INFO:SUCCESSFULLY LOADED TABLE DATA TO BIGQUERY TABLE_ID pagila.city
2022-01-13 16:52:28,542:INFO:========================================================================
2022-01-13 16:52:28,553:INFO:SUCCESSFULLY GOT TABLE  DATA FROM DATABASE  pagila  AND TABLE country
2022-01-13 16:52:38,797:INFO:SUCCESSFULLY LOADED TABLE DATA TO BIGQUERY TABLE_ID pagila.country
2022-01-13 16:52:38,797:INFO:========================================================================
2022-01-13 16:52:38,838:INFO:SUCCESSFULLY GOT TABLE  DATA FROM DATABASE  pagila  AND TABLE film_actor
2022-01-13 16:52:48,696:INFO:SUCCESSFULLY LOADED TABLE DATA TO BIGQUERY TABLE_ID pagila.film_actor
2022-01-13 16:52:48,696:INFO:========================================================================
2022-01-13 16:52:48,704:INFO:SUCCESSFULLY GOT TABLE  DATA FROM DATABASE  pagila  AND TABLE film_category
2022-01-13 16:52:58,491:INFO:SUCCESSFULLY LOADED TABLE DATA TO BIGQUERY TABLE_ID pagila.film_category
2022-01-13 16:52:58,492:INFO:========================================================================
2022-01-13 16:52:58,511:INFO:SUCCESSFULLY GOT TABLE  DATA FROM DATABASE  pagila  AND TABLE inventory
2022-01-13 16:53:10,172:INFO:SUCCESSFULLY LOADED TABLE DATA TO BIGQUERY TABLE_ID pagila.inventory
2022-01-13 16:53:10,173:INFO:========================================================================
