2022-01-13 19:59:10,653:INFO:started northwind2
2022-01-13 19:59:10,654:INFO:========================================================================
2022-01-13 19:59:10,654:INFO:GETTING CONFIGURATION FILE FOR DATABASE northwind2
2022-01-13 19:59:10,655:INFO:SUCCESSFULLY LOADED CONFIGURATION FILE FOR DATABASE northwind2
2022-01-13 19:59:10,663:INFO:SUCCESSFULLY LOADED CONFIGURATION FILE FOR DATABASE northwind2
2022-01-13 19:59:10,664:INFO:GETTING SCHEMA FILE FOR DATABASE northwind2
2022-01-13 19:59:10,680:INFO:SUCCESSFULLY LOADED SCHEMA FILE FOR DATABASE northwind2
2022-01-13 19:59:10,997:INFO:SUCCESSFULLY GOT TABLE  DATA FROM DATABASE  northwind2  AND TABLE categories
2022-01-13 19:59:20,093:INFO:SUCCESSFULLY LOADED TABLE DATA TO BIGQUERY TABLE_ID northwind2.categories
2022-01-13 19:59:20,093:INFO:========================================================================
2022-01-13 19:59:20,098:INFO:SUCCESSFULLY GOT TABLE  DATA FROM DATABASE  northwind2  AND TABLE customers
2022-01-13 19:59:28,448:INFO:SUCCESSFULLY LOADED TABLE DATA TO BIGQUERY TABLE_ID northwind2.customers
2022-01-13 19:59:28,449:INFO:========================================================================
2022-01-13 19:59:28,464:INFO:SUCCESSFULLY GOT TABLE  DATA FROM DATABASE  northwind2  AND TABLE employeeterritories
2022-01-13 19:59:37,944:INFO:SUCCESSFULLY LOADED TABLE DATA TO BIGQUERY TABLE_ID northwind2.employeeterritories
2022-01-13 19:59:37,945:INFO:========================================================================
2022-01-13 19:59:37,945:INFO:started pagila
2022-01-13 19:59:37,945:INFO:========================================================================
2022-01-13 19:59:37,945:INFO:GETTING CONFIGURATION FILE FOR DATABASE pagila
2022-01-13 19:59:37,945:INFO:SUCCESSFULLY LOADED CONFIGURATION FILE FOR DATABASE pagila
2022-01-13 19:59:37,950:INFO:SUCCESSFULLY LOADED CONFIGURATION FILE FOR DATABASE pagila
2022-01-13 19:59:37,950:INFO:GETTING SCHEMA FILE FOR DATABASE pagila
2022-01-13 19:59:37,960:INFO:SUCCESSFULLY LOADED SCHEMA FILE FOR DATABASE pagila
2022-01-13 19:59:38,284:INFO:SUCCESSFULLY GOT TABLE  DATA FROM DATABASE  pagila  AND TABLE actor
2022-01-13 19:59:46,258:INFO:SUCCESSFULLY LOADED TABLE DATA TO BIGQUERY TABLE_ID pagila.actor
2022-01-13 19:59:46,259:INFO:========================================================================
2022-01-13 19:59:46,266:INFO:SUCCESSFULLY GOT TABLE  DATA FROM DATABASE  pagila  AND TABLE category
2022-01-13 19:59:56,114:INFO:SUCCESSFULLY LOADED TABLE DATA TO BIGQUERY TABLE_ID pagila.category
2022-01-13 19:59:56,114:INFO:========================================================================
2022-01-13 19:59:56,128:INFO:SUCCESSFULLY GOT TABLE  DATA FROM DATABASE  pagila  AND TABLE city
2022-01-13 20:00:06,926:INFO:SUCCESSFULLY LOADED TABLE DATA TO BIGQUERY TABLE_ID pagila.city
2022-01-13 20:00:06,927:INFO:========================================================================
2022-01-13 20:00:06,950:INFO:SUCCESSFULLY GOT TABLE  DATA FROM DATABASE  pagila  AND TABLE country
2022-01-13 20:00:17,687:INFO:SUCCESSFULLY LOADED TABLE DATA TO BIGQUERY TABLE_ID pagila.country
2022-01-13 20:00:17,687:INFO:========================================================================
2022-01-13 20:00:17,716:INFO:SUCCESSFULLY GOT TABLE  DATA FROM DATABASE  pagila  AND TABLE film_actor
2022-01-13 20:00:26,465:INFO:SUCCESSFULLY LOADED TABLE DATA TO BIGQUERY TABLE_ID pagila.film_actor
2022-01-13 20:00:26,465:INFO:========================================================================
2022-01-13 20:00:26,474:INFO:SUCCESSFULLY GOT TABLE  DATA FROM DATABASE  pagila  AND TABLE film_category
2022-01-13 20:00:35,650:INFO:SUCCESSFULLY LOADED TABLE DATA TO BIGQUERY TABLE_ID pagila.film_category
2022-01-13 20:00:35,650:INFO:========================================================================
2022-01-13 20:00:35,677:INFO:SUCCESSFULLY GOT TABLE  DATA FROM DATABASE  pagila  AND TABLE inventory
2022-01-13 20:00:44,092:INFO:SUCCESSFULLY LOADED TABLE DATA TO BIGQUERY TABLE_ID pagila.inventory
2022-01-13 20:00:44,092:INFO:========================================================================
