2022-01-13 16:49:25,949:INFO:started sample_db
2022-01-13 16:49:25,950:INFO:========================================================================
2022-01-13 16:49:25,950:INFO:GETTING CONFIGURATION FILE FOR DATABASE sample_db
2022-01-13 16:49:25,950:INFO:SUCCESSFULLY LOADED CONFIGURATION FILE FOR DATABASE sample_db
2022-01-13 16:49:25,952:INFO:SUCCESSFULLY LOADED CONFIGURATION FILE FOR DATABASE sample_db
2022-01-13 16:49:25,952:INFO:GETTING SCHEMA FILE FOR DATABASE sample_db
2022-01-13 16:49:25,955:INFO:SUCCESSFULLY LOADED SCHEMA FILE FOR DATABASE sample_db
2022-01-13 16:49:27,082:INFO:SUCCESSFULLY GOT TABLE  DATA FROM DATABASE  sample_db  AND TABLE Test
2022-01-13 16:49:39,627:INFO:SUCCESSFULLY LOADED TABLE DATA TO BIGQUERY TABLE_ID sample_db.Test
2022-01-13 16:49:41,959:INFO:SUCCESSFULLY GOT TABLE  DATA FROM DATABASE  sample_db  AND TABLE Train
2022-01-13 16:49:55,427:INFO:SUCCESSFULLY LOADED TABLE DATA TO BIGQUERY TABLE_ID sample_db.Train
2022-01-13 16:49:55,427:INFO:========================================================================
2022-01-13 16:49:55,427:INFO:started original_db
2022-01-13 16:49:55,427:INFO:========================================================================
2022-01-13 16:49:55,427:INFO:GETTING CONFIGURATION FILE FOR DATABASE original_db
2022-01-13 16:49:55,427:INFO:SUCCESSFULLY LOADED CONFIGURATION FILE FOR DATABASE original_db
2022-01-13 16:49:55,429:INFO:SUCCESSFULLY LOADED CONFIGURATION FILE FOR DATABASE original_db
2022-01-13 16:49:55,429:INFO:GETTING SCHEMA FILE FOR DATABASE original_db
2022-01-13 16:49:55,433:INFO:SUCCESSFULLY LOADED SCHEMA FILE FOR DATABASE original_db
2022-01-13 16:49:57,343:INFO:SUCCESSFULLY GOT TABLE  DATA FROM DATABASE  original_db  AND TABLE commentInteractions
2022-01-13 16:50:08,647:INFO:SUCCESSFULLY LOADED TABLE DATA TO BIGQUERY TABLE_ID dboriginal_db2.commentInteractions
2022-01-13 16:50:08,647:INFO:========================================================================
