2022-01-13 16:59:23,242:INFO:started sample_db
2022-01-13 16:59:23,243:INFO:========================================================================
2022-01-13 16:59:23,243:INFO:GETTING CONFIGURATION FILE FOR DATABASE sample_db
2022-01-13 16:59:23,243:INFO:SUCCESSFULLY LOADED CONFIGURATION FILE FOR DATABASE sample_db
2022-01-13 16:59:23,245:INFO:SUCCESSFULLY LOADED CONFIGURATION FILE FOR DATABASE sample_db
2022-01-13 16:59:23,245:INFO:GETTING SCHEMA FILE FOR DATABASE sample_db
2022-01-13 16:59:23,249:INFO:SUCCESSFULLY LOADED SCHEMA FILE FOR DATABASE sample_db
2022-01-13 16:59:24,320:INFO:SUCCESSFULLY GOT TABLE  DATA FROM DATABASE  sample_db  AND TABLE Test
2022-01-13 16:59:37,352:INFO:SUCCESSFULLY LOADED TABLE DATA TO BIGQUERY TABLE_ID sample_db.Test
2022-01-13 16:59:39,415:INFO:SUCCESSFULLY GOT TABLE  DATA FROM DATABASE  sample_db  AND TABLE Train
2022-01-13 16:59:53,144:INFO:SUCCESSFULLY LOADED TABLE DATA TO BIGQUERY TABLE_ID sample_db.Train
2022-01-13 16:59:53,144:INFO:========================================================================
2022-01-13 16:59:53,145:INFO:started original_db
2022-01-13 16:59:53,146:INFO:========================================================================
2022-01-13 16:59:53,146:INFO:GETTING CONFIGURATION FILE FOR DATABASE original_db
2022-01-13 16:59:53,146:INFO:SUCCESSFULLY LOADED CONFIGURATION FILE FOR DATABASE original_db
2022-01-13 16:59:53,148:INFO:SUCCESSFULLY LOADED CONFIGURATION FILE FOR DATABASE original_db
2022-01-13 16:59:53,148:INFO:GETTING SCHEMA FILE FOR DATABASE original_db
2022-01-13 16:59:53,157:INFO:SUCCESSFULLY LOADED SCHEMA FILE FOR DATABASE original_db
2022-01-13 16:59:55,039:INFO:SUCCESSFULLY GOT TABLE  DATA FROM DATABASE  original_db  AND TABLE commentInteractions
2022-01-13 17:00:05,937:INFO:SUCCESSFULLY LOADED TABLE DATA TO BIGQUERY TABLE_ID dboriginal_db2.commentInteractions
2022-01-13 17:00:05,937:INFO:========================================================================
